<?xml version="1.0" encoding="UTF-8"?>
<!-- Generated by org.testng.reporters.JUnitXMLReporter -->
<testsuite ignored="0" hostname="Bartek_Komputer" failures="0" tests="4" name="Test" time="4.486" errors="0" timestamp="29 sie 2019 10:42:17 GMT">
  <testcase classname="soap.SoapRunner" name="add" time="3.407"/>
  <testcase classname="soap.SoapRunner" name="divide" time="0.281"/>
  <testcase classname="soap.SoapRunner" name="multiply" time="0.244"/>
  <testcase classname="soap.SoapRunner" name="subAndDiv" time="0.511"/>
</testsuite> <!-- Test -->
