<?xml version="1.0" encoding="UTF-8"?>
<testng-results ignored="0" total="4" passed="4" failed="0" skipped="0">
  <reporter-output>
  </reporter-output>
  <suite started-at="2019-08-29T10:42:13Z" name="Suite" finished-at="2019-08-29T10:42:17Z" duration-ms="4486">
    <groups>
    </groups>
    <test started-at="2019-08-29T10:42:13Z" name="Test" finished-at="2019-08-29T10:42:17Z" duration-ms="4486">
      <class name="soap.SoapRunner">
        <test-method signature="add()[pri:0, instance:soap.SoapRunner@7fa98a66]" started-at="2019-08-29T10:42:13Z" name="add" finished-at="2019-08-29T10:42:16Z" duration-ms="3407" status="PASS">
          <reporter-output>
          </reporter-output>
        </test-method> <!-- add -->
        <test-method signature="divide()[pri:0, instance:soap.SoapRunner@7fa98a66]" started-at="2019-08-29T10:42:16Z" name="divide" finished-at="2019-08-29T10:42:16Z" duration-ms="281" status="PASS">
          <reporter-output>
          </reporter-output>
        </test-method> <!-- divide -->
        <test-method signature="multiply()[pri:0, instance:soap.SoapRunner@7fa98a66]" started-at="2019-08-29T10:42:16Z" name="multiply" finished-at="2019-08-29T10:42:17Z" duration-ms="244" status="PASS">
          <reporter-output>
          </reporter-output>
        </test-method> <!-- multiply -->
        <test-method signature="subAndDiv()[pri:0, instance:soap.SoapRunner@7fa98a66]" started-at="2019-08-29T10:42:17Z" name="subAndDiv" finished-at="2019-08-29T10:42:17Z" duration-ms="511" status="PASS">
          <reporter-output>
          </reporter-output>
        </test-method> <!-- subAndDiv -->
      </class> <!-- soap.SoapRunner -->
    </test> <!-- Test -->
  </suite> <!-- Suite -->
</testng-results>
